
[2025-05-24T21:21:21.491827+00:00] === ARCHIVE CARDS CONTROLLER START ===

[2025-05-24T21:21:21.492646+00:00] Received payload
{
  "document_ids": [
    "7e23c109-8a75-4ee9-8c86-ab3cf3a088b0",
    "f636b520-749b-4933-b587-b69331968598",
    "5b89514c-2e81-4c02-b2b4-832b0e653786",
    "e9688299-5f2a-4e09-ad65-9efb5f3fee96",
    "bb29d015-e412-4e07-be89-8e69bbb3d0b9",
    "d611bafd-ba4d-4922-9f73-4c363bed1dcb",
    "29d9ca64-e9c8-4c0e-8b46-888e010e38fc",
    "ce3eef52-e4e2-4ced-9c97-fbd5ebaa7c22",
    "5a063e72-2655-4984-b3e5-c5ff342f1ba7",
    "70821a2f-b64c-48b2-8ba8-d32da64a6e0d"
  ],
  "status": "archived",
  "review_status": "archived"
}

[2025-05-24T21:21:21.493292+00:00] === ARCHIVE CARDS SERVICE START ===

[2025-05-24T21:21:21.493639+00:00] Received document IDs
[
  "7e23c109-8a75-4ee9-8c86-ab3cf3a088b0",
  "f636b520-749b-4933-b587-b69331968598",
  "5b89514c-2e81-4c02-b2b4-832b0e653786",
  "e9688299-5f2a-4e09-ad65-9efb5f3fee96",
  "bb29d015-e412-4e07-be89-8e69bbb3d0b9",
  "d611bafd-ba4d-4922-9f73-4c363bed1dcb",
  "29d9ca64-e9c8-4c0e-8b46-888e010e38fc",
  "ce3eef52-e4e2-4ced-9c97-fbd5ebaa7c22",
  "5a063e72-2655-4984-b3e5-c5ff342f1ba7",
  "70821a2f-b64c-48b2-8ba8-d32da64a6e0d"
]

[2025-05-24T21:21:21.493798+00:00] Calling archive_cards_db...

[2025-05-24T21:21:21.493890+00:00] === ARCHIVE CARDS DB START ===

[2025-05-24T21:21:21.493971+00:00] Document IDs to archive
[
  "7e23c109-8a75-4ee9-8c86-ab3cf3a088b0",
  "f636b520-749b-4933-b587-b69331968598",
  "5b89514c-2e81-4c02-b2b4-832b0e653786",
  "e9688299-5f2a-4e09-ad65-9efb5f3fee96",
  "bb29d015-e412-4e07-be89-8e69bbb3d0b9",
  "d611bafd-ba4d-4922-9f73-4c363bed1dcb",
  "29d9ca64-e9c8-4c0e-8b46-888e010e38fc",
  "ce3eef52-e4e2-4ced-9c97-fbd5ebaa7c22",
  "5a063e72-2655-4984-b3e5-c5ff342f1ba7",
  "70821a2f-b64c-48b2-8ba8-d32da64a6e0d"
]

[2025-05-24T21:21:21.494072+00:00] Checking existing records...

[2025-05-24T21:21:21.681947+00:00] Record 29d9ca64-e9c8-4c0e-8b46-888e010e38fc full state:
{
  "document_id": "29d9ca64-e9c8-4c0e-8b46-888e010e38fc",
  "review_status": "reviewed",
  "status": null,
  "deleted": null,
  "reviewed_at": null
}

[2025-05-24T21:21:21.682165+00:00] Record 5a063e72-2655-4984-b3e5-c5ff342f1ba7 full state:
{
  "document_id": "5a063e72-2655-4984-b3e5-c5ff342f1ba7",
  "review_status": "reviewed",
  "status": null,
  "deleted": null,
  "reviewed_at": null
}

[2025-05-24T21:21:21.682573+00:00] Record 5b89514c-2e81-4c02-b2b4-832b0e653786 full state:
{
  "document_id": "5b89514c-2e81-4c02-b2b4-832b0e653786",
  "review_status": "reviewed",
  "status": null,
  "deleted": null,
  "reviewed_at": null
}

[2025-05-24T21:21:21.682622+00:00] Record 70821a2f-b64c-48b2-8ba8-d32da64a6e0d full state:
{
  "document_id": "70821a2f-b64c-48b2-8ba8-d32da64a6e0d",
  "review_status": "reviewed",
  "status": null,
  "deleted": null,
  "reviewed_at": null
}

[2025-05-24T21:21:21.682665+00:00] Record 7e23c109-8a75-4ee9-8c86-ab3cf3a088b0 full state:
{
  "document_id": "7e23c109-8a75-4ee9-8c86-ab3cf3a088b0",
  "review_status": "reviewed",
  "status": null,
  "deleted": null,
  "reviewed_at": null
}

[2025-05-24T21:21:21.682705+00:00] Record bb29d015-e412-4e07-be89-8e69bbb3d0b9 full state:
{
  "document_id": "bb29d015-e412-4e07-be89-8e69bbb3d0b9",
  "review_status": "reviewed",
  "status": null,
  "deleted": null,
  "reviewed_at": null
}

[2025-05-24T21:21:21.682745+00:00] Record ce3eef52-e4e2-4ced-9c97-fbd5ebaa7c22 full state:
{
  "document_id": "ce3eef52-e4e2-4ced-9c97-fbd5ebaa7c22",
  "review_status": "reviewed",
  "status": null,
  "deleted": null,
  "reviewed_at": null
}

[2025-05-24T21:21:21.682781+00:00] Record d611bafd-ba4d-4922-9f73-4c363bed1dcb full state:
{
  "document_id": "d611bafd-ba4d-4922-9f73-4c363bed1dcb",
  "review_status": "reviewed",
  "status": null,
  "deleted": null,
  "reviewed_at": null
}

[2025-05-24T21:21:21.682817+00:00] Record e9688299-5f2a-4e09-ad65-9efb5f3fee96 full state:
{
  "document_id": "e9688299-5f2a-4e09-ad65-9efb5f3fee96",
  "review_status": "reviewed",
  "status": null,
  "deleted": null,
  "reviewed_at": null
}

[2025-05-24T21:21:21.682852+00:00] Record f636b520-749b-4933-b587-b69331968598 full state:
{
  "document_id": "f636b520-749b-4933-b587-b69331968598",
  "review_status": "reviewed",
  "status": null,
  "deleted": null,
  "reviewed_at": null
}

[2025-05-24T21:21:21.682933+00:00] Records to archive (excluding already archived)
[
  {
    "document_id": "29d9ca64-e9c8-4c0e-8b46-888e010e38fc",
    "current_status": "reviewed"
  },
  {
    "document_id": "5a063e72-2655-4984-b3e5-c5ff342f1ba7",
    "current_status": "reviewed"
  },
  {
    "document_id": "5b89514c-2e81-4c02-b2b4-832b0e653786",
    "current_status": "reviewed"
  },
  {
    "document_id": "70821a2f-b64c-48b2-8ba8-d32da64a6e0d",
    "current_status": "reviewed"
  },
  {
    "document_id": "7e23c109-8a75-4ee9-8c86-ab3cf3a088b0",
    "current_status": "reviewed"
  },
  {
    "document_id": "bb29d015-e412-4e07-be89-8e69bbb3d0b9",
    "current_status": "reviewed"
  },
  {
    "document_id": "ce3eef52-e4e2-4ced-9c97-fbd5ebaa7c22",
    "current_status": "reviewed"
  },
  {
    "document_id": "d611bafd-ba4d-4922-9f73-4c363bed1dcb",
    "current_status": "reviewed"
  },
  {
    "document_id": "e9688299-5f2a-4e09-ad65-9efb5f3fee96",
    "current_status": "reviewed"
  },
  {
    "document_id": "f636b520-749b-4933-b587-b69331968598",
    "current_status": "reviewed"
  }
]

[2025-05-24T21:21:21.683029+00:00] Update payload
{
  "review_status": "archived",
  "reviewed_at": "2025-05-24T21:21:21.683026+00:00"
}

[2025-05-24T21:21:21.921292+00:00] Record 29d9ca64-e9c8-4c0e-8b46-888e010e38fc after archive:
{
  "review_status": "archived",
  "reviewed_at": "2025-05-24T21:21:21.683026+00:00"
}

[2025-05-24T21:21:21.921817+00:00] Record 5a063e72-2655-4984-b3e5-c5ff342f1ba7 after archive:
{
  "review_status": "archived",
  "reviewed_at": "2025-05-24T21:21:21.683026+00:00"
}

[2025-05-24T21:21:21.922605+00:00] Record 5b89514c-2e81-4c02-b2b4-832b0e653786 after archive:
{
  "review_status": "archived",
  "reviewed_at": "2025-05-24T21:21:21.683026+00:00"
}

[2025-05-24T21:21:21.922743+00:00] Record 70821a2f-b64c-48b2-8ba8-d32da64a6e0d after archive:
{
  "review_status": "archived",
  "reviewed_at": "2025-05-24T21:21:21.683026+00:00"
}

[2025-05-24T21:21:21.922863+00:00] Record 7e23c109-8a75-4ee9-8c86-ab3cf3a088b0 after archive:
{
  "review_status": "archived",
  "reviewed_at": "2025-05-24T21:21:21.683026+00:00"
}

[2025-05-24T21:21:21.922974+00:00] Record bb29d015-e412-4e07-be89-8e69bbb3d0b9 after archive:
{
  "review_status": "archived",
  "reviewed_at": "2025-05-24T21:21:21.683026+00:00"
}

[2025-05-24T21:21:21.923162+00:00] Record ce3eef52-e4e2-4ced-9c97-fbd5ebaa7c22 after archive:
{
  "review_status": "archived",
  "reviewed_at": "2025-05-24T21:21:21.683026+00:00"
}

[2025-05-24T21:21:21.923250+00:00] Record d611bafd-ba4d-4922-9f73-4c363bed1dcb after archive:
{
  "review_status": "archived",
  "reviewed_at": "2025-05-24T21:21:21.683026+00:00"
}

[2025-05-24T21:21:21.923336+00:00] Record e9688299-5f2a-4e09-ad65-9efb5f3fee96 after archive:
{
  "review_status": "archived",
  "reviewed_at": "2025-05-24T21:21:21.683026+00:00"
}

[2025-05-24T21:21:21.923422+00:00] Record f636b520-749b-4933-b587-b69331968598 after archive:
{
  "review_status": "archived",
  "reviewed_at": "2025-05-24T21:21:21.683026+00:00"
}

[2025-05-24T21:21:21.923812+00:00] Archive operation result
data=[{'id': '2c36dcda-2205-4037-9ef6-aa760c857305', 'document_id': '7e23c109-8a75-4ee9-8c86-ab3cf3a088b0', 'fields': {'gpa': {'value': '3.000', 'enabled': True, 'required': False, 'confidence': 0.9998275637626648, 'bounding_box': [[596.9999998807907, 944.0000176429749], [755.9999853372574, 944.0000176429749], [755.9999853372574, 989.9999737739563], [596.9999998807907, 989.9999737739563]], 'review_notes': '', 'review_confidence': 0.95, 'requires_human_review': False}, 'cell': {'value': '214-207-2735', 'enabled': True, 'required': False, 'confidence': 0.9999953508377075, 'bounding_box': [[160.00000312924385, 510.00000536441803], [535.9999984502792, 510.00000536441803], [535.9999984502792, 559.9999904632568], [160.00000312924385, 559.9999904632568]], 'review_notes': '', 'review_confidence': 0.95, 'requires_human_review': False}, 'name': {'value': 'Dantrell Hunt', 'enabled': True, 'required': False, 'confidence': 1.0, 'bounding_box': [[163.99999782443047, 164.00000751018524], [497.0000058412552, 164.00000751018524], [497.0000058412552, 225.99999755620956], [163.99999782443047, 225.99999755620956]], 'review_notes': '', 'review_confidence': 1.0, 'requires_human_review': False}, 'email': {'value': 'dantrellhunt883@gmail.com', 'enabled': True, 'required': False, 'confidence': 0.999998927116394, 'bounding_box': [[171.9999998807907, 392.99998581409454], [803.0000180006027, 392.99998581409454], [803.0000180006027, 450.99999606609344], [171.9999998807907, 450.99999606609344]], 'review_notes': '', 'review_confidence': 1.0, 'requires_human_review': False}, 'major': {'value': 'Computer Science', 'enabled': True, 'required': False, 'confidence': 0.9999983906745911, 'bounding_box': [[167.00000017881393, 1159.999942779541], [590.0000154972076, 1159.999942779541], [590.0000154972076, 1224.0000128746033], [167.00000017881393, 1224.0000128746033]], 'review_notes': '', 'review_confidence': 0.95, 'requires_human_review': False}, 'address': {'value': '10720 Pied Maple Drive', 'enabled': True, 'required': False, 'confidence': 0.9999890327453613, 'bounding_box': [[168.0000051856041, 629.9999892711639], [684.9999845027924, 629.9999892711639], [684.9999845027924, 675.000011920929], [168.0000051856041, 675.000011920929]], 'review_notes': '', 'review_confidence': 1.0, 'requires_human_review': False}, 'zip_code': {'value': '75249', 'enabled': True, 'required': False, 'confidence': 0.9999949336051941, 'bounding_box': [[583.9999854564667, 739.000016450882], [743.9999759197235, 739.000016450882], [743.9999759197235, 783.9999735355377], [583.9999854564667, 783.9999735355377]], 'review_notes': '', 'review_confidence': 1.0, 'requires_human_review': False}, 'city_state': {'value': 'Dallas, TX', 'enabled': True, 'required': False, 'confidence': 0.9999987483024597, 'bounding_box': [[160.00000312924385, 734.0000212192535], [322.99999594688416, 734.0000212192535], [322.99999594688416, 780.9999763965607], [160.00000312924385, 780.9999763965607]], 'review_notes': '', 'review_confidence': 0.9, 'requires_human_review': False}, 'class_rank': {'value': '264', 'enabled': True, 'required': False, 'confidence': 0.9999403953552246, 'bounding_box': [[228.0000016093254, 938.0000233650208], [301.9999921321869, 938.0000233650208], [301.9999921321869, 972.9999899864197], [228.0000016093254, 972.9999899864197]], 'review_notes': '', 'review_confidence': 0.95, 'requires_human_review': False}, 'entry_term': {'value': '2025', 'enabled': True, 'required': False, 'confidence': 0.9999991655349731, 'bounding_box': [[604.9999892711639, 1051.999980211258], [787.9999935626984, 1051.999980211258], [787.9999935626984, 1100.0], [604.9999892711639, 1100.0]], 'review_notes': '', 'review_confidence': 1.0, 'requires_human_review': False}, 'high_school': {'value': 'Cedar Hill High School', 'enabled': True, 'required': False, 'confidence': 0.9999969601631165, 'bounding_box': [[165.99999517202377, 842.9999828338623], [656.999996304512, 842.9999828338623], [656.999996304512, 903.9999902248383], [165.99999517202377, 903.9999902248383]], 'review_notes': '', 'review_confidence': 1.0, 'requires_human_review': False}, 'student_type': {'value': 'Freshman', 'enabled': True, 'required': False, 'confidence': 0.9999020099639893, 'bounding_box': [[201.99999809265137, 1068.0000305175781], [320.0000062584877, 1068.0000305175781], [320.0000062584877, 1095.0000047683716], [201.99999809265137, 1095.0000047683716]], 'review_notes': '', 'review_confidence': 0.95, 'requires_human_review': False}, 'date_of_birth': {'value': '08/21/2007', 'enabled': True, 'required': False, 'confidence': 0.9999921917915344, 'bounding_box': [[584.9999904632568, 274.0000009536743], [832.0000112056732, 274.0000009536743], [832.0000112056732, 341.00000262260437], [584.9999904632568, 341.00000262260437]], 'review_notes': '', 'review_confidence': 1.0, 'requires_human_review': False}, 'students_in_class': {'value': '555', 'enabled': True, 'required': False, 'confidence': 0.9965986609458923, 'bounding_box': [[413.9999955892563, 947.0000147819519], [523.9999890327454, 947.0000147819519], [523.9999890327454, 992.9999709129333], [413.9999955892563, 992.9999709129333]], 'review_notes': '', 'review_confidence': 0.95, 'requires_human_review': False}, 'permission_to_text': {'value': 'Yes', 'enabled': True, 'required': False, 'confidence': 1.0, 'bounding_box': [[631.000018119812, 510.00000536441803], [675.999990105629, 510.00000536441803], [675.999990105629, 526.9999891519547], [631.000018119812, 526.9999891519547]], 'review_notes': '', 'review_confidence': 1.0, 'requires_human_review': False}}, 'created_at': '2025-05-24T20:51:16.185454+00:00', 'reviewed_at': '2025-05-24T21:21:21.683026+00:00', 'exported_at': None, 'event_id': '7818909d-a3ff-4211-bf6e-c9b65952f758', 'updated_at': '2025-05-24T21:21:21.794686+00:00', 'review_status': 'archived', 'school_id': 'b1a2c3d4-e5f6-7890-1234-56789abcdef0', 'user_id': 'f8714b88-f5c7-404c-b4fa-2304e014a44b', 'image_path': 'f8714b88-f5c7-404c-b4fa-2304e014a44b/2025-05-24/15d22be9-f4a5-4eab-9a24-f54a71b9e125.png'}, {'id': 'ad9d13b4-4d3e-42da-9c55-375dc1c2bb33', 'document_id': 'f636b520-749b-4933-b587-b69331968598', 'fields': {'gpa': {'value': '4.3', 'enabled': True, 'required': False, 'confidence': 0.9984219074249268, 'bounding_box': [[602.0000249147415, 941.0000205039978], [692.0000195503235, 941.0000205039978], [692.0000195503235, 1001.0000288486481], [602.0000249147415, 1001.0000288486481]], 'review_notes': '', 'review_confidence': 0.95, 'requires_human_review': False}, 'cell': {'value': '469-803-0827', 'enabled': True, 'required': False, 'confidence': 0.9999966621398926, 'bounding_box': [[171.9999998807907, 511.0000044107437], [551.9999772310257, 511.0000044107437], [551.9999772310257, 563.9999866485596], [171.9999998807907, 563.9999866485596]], 'review_notes': '', 'review_confidence': 0.95, 'requires_human_review': False}, 'name': {'value': 'Jayla Wright', 'enabled': True, 'required': False, 'confidence': 0.9999931454658508, 'bounding_box': [[178.00000458955765, 171.9999998807907], [478.00001204013824, 171.9999998807907], [478.00001204013824, 223.9999994635582], [178.00000458955765, 223.9999994635582]], 'review_notes': '', 'review_confidence': 0.95, 'requires_human_review': False}, 'email': {'value': 'chatmanlatesha@yahoo.com', 'enabled': True, 'required': False, 'confidence': 0.9999642372131348, 'bounding_box': [[171.9999998807907, 399.00001287460327], [857.0000350475311, 399.00001287460327], [857.0000350475311, 451.9999951124191], [171.9999998807907, 451.9999951124191]], 'review_notes': '', 'review_confidence': 0.95, 'requires_human_review': False}, 'major': {'value': 'Pre-dental or Pre-med Biology', 'enabled': True, 'required': False, 'confidence': 0.99913090467453, 'bounding_box': [[193.00000369548798, 1160.9999418258667], [895.000022649765, 1160.9999418258667], [895.000022649765, 1238.9999985694885], [193.00000369548798, 1238.9999985694885]], 'review_notes': '', 'review_confidence': 0.95, 'requires_human_review': False}, 'address': {'value': '1254 Glen Ave', 'enabled': True, 'required': False, 'confidence': 0.9999834895133972, 'bounding_box': [[183.00000429153442, 625.9999930858612], [598.0000048875809, 625.9999930858612], [598.0000048875809, 675.000011920929], [183.00000429153442, 675.000011920929]], 'review_notes': '', 'review_confidence': 0.95, 'requires_human_review': False}, 'zip_code': {'value': '75115', 'enabled': True, 'required': False, 'confidence': 0.9999977350234985, 'bounding_box': [[591.9999748468399, 720.9999680519104], [760.000005364418, 720.9999680519104], [760.000005364418, 775.9999811649323], [591.9999748468399, 775.9999811649323]], 'review_notes': '', 'review_confidence': 0.95, 'requires_human_review': False}, 'city_state': {'value': 'Desoto, TX', 'enabled': True, 'required': False, 'confidence': 0.9999943375587463, 'bounding_box': [[168.99999752640724, 733.0000221729279], [439.0000194311142, 733.0000221729279], [439.0000194311142, 785.9999716281891], [168.99999752640724, 785.9999716281891]], 'review_notes': '', 'review_confidence': 0.95, 'requires_human_review': False}, 'class_rank': {'value': '90', 'enabled': True, 'required': False, 'confidence': 0.9999532699584961, 'bounding_box': [[193.99999603629112, 954.0000081062317], [257.99999982118607, 954.0000081062317], [257.99999982118607, 995.9999680519104], [193.99999603629112, 995.9999680519104]], 'review_notes': '', 'review_confidence': 0.95, 'requires_human_review': False}, 'entry_term': {'value': '2025', 'enabled': True, 'required': False, 'confidence': 0.9998663663864136, 'bounding_box': [[600.0000149011612, 1054.999977350235], [760.000005364418, 1054.999977350235], [760.000005364418, 1102.999997138977], [600.0000149011612, 1102.999997138977]], 'review_notes': '', 'review_confidence': 0.95, 'requires_human_review': False}, 'high_school': {'value': 'Desoto High School', 'enabled': True, 'required': False, 'confidence': 0.999992847442627, 'bounding_box': [[206.000005453825, 844.9999809265137], [737.9999965429306, 844.9999809265137], [737.9999965429306, 899.9999940395355], [206.000005453825, 899.9999940395355]], 'review_notes': '', 'review_confidence': 0.95, 'requires_human_review': False}, 'student_type': {'value': 'Freshman', 'enabled': True, 'required': False, 'confidence': 0.9999968409538269, 'bounding_box': [[201.99999809265137, 1073.0000257492065], [314.00000154972076, 1073.0000257492065], [314.00000154972076, 1091.0000085830688], [201.99999809265137, 1091.0000085830688]], 'review_notes': '', 'review_confidence': 0.95, 'requires_human_review': False}, 'date_of_birth': {'value': '10/21/2003', 'enabled': True, 'required': False, 'confidence': 0.9999805688858032, 'bounding_box': [[599.000009894371, 278.99999618530273], [846.9999849796295, 278.99999618530273], [846.9999849796295, 327.0000159740448], [599.000009894371, 327.0000159740448]], 'review_notes': '', 'review_confidence': 0.95, 'requires_human_review': False}, 'students_in_class': {'value': '463', 'enabled': True, 'required': False, 'confidence': 0.999818742275238, 'bounding_box': [[427.0000100135803, 941.0000205039978], [532.9999834299088, 941.0000205039978], [532.9999834299088, 1002.0000278949738], [427.0000100135803, 1002.0000278949738]], 'review_notes': '', 'review_confidence': 0.95, 'requires_human_review': False}, 'permission_to_text': {'value': 'Yes', 'enabled': True, 'required': False, 'confidence': 0.999998152256012, 'bounding_box': [[628.0000030994415, 511.0000044107437], [672.0000207424164, 511.0000044107437], [672.0000207424164, 526.9999891519547], [628.0000030994415, 526.9999891519547]], 'review_notes': '', 'review_confidence': 0.95, 'requires_human_review': False}, 'preferred_first_name': {'value': 'Jayla', 'enabled': True, 'required': False, 'confidence': 0.9999961256980896, 'bounding_box': [[208.99999514222145, 289.99998569488525], [352.9999941587448, 289.99998569488525], [352.9999941587448, 335.00000834465027], [208.99999514222145, 335.00000834465027]], 'review_notes': '', 'review_confidence': 0.95, 'requires_human_review': False}}, 'created_at': '2025-05-24T20:51:27.233866+00:00', 'reviewed_at': '2025-05-24T21:21:21.683026+00:00', 'exported_at': None, 'event_id': '7818909d-a3ff-4211-bf6e-c9b65952f758', 'updated_at': '2025-05-24T21:21:21.794686+00:00', 'review_status': 'archived', 'school_id': 'b1a2c3d4-e5f6-7890-1234-56789abcdef0', 'user_id': 'f8714b88-f5c7-404c-b4fa-2304e014a44b', 'image_path': 'f8714b88-f5c7-404c-b4fa-2304e014a44b/2025-05-24/922ad915-e4ef-43ff-a905-18cecb473e7b.png'}, {'id': 'a564f4b8-7bba-4d7c-b5cb-31a786717065', 'document_id': '5b89514c-2e81-4c02-b2b4-832b0e653786', 'fields': {'gpa': {'value': '3.3', 'enabled': True, 'required': False, 'confidence': 0.9999916553497314, 'bounding_box': [[590.0000154972076, 948.0000138282776], [670.0000107288361, 948.0000138282776], [670.0000107288361, 994.9999690055847], [590.0000154972076, 994.9999690055847]], 'review_notes': '', 'review_confidence': 0.7, 'requires_human_review': False}, 'cell': {'value': '469-978-0808', 'enabled': True, 'required': False, 'confidence': 0.9999996423721313, 'bounding_box': [[163.99999782443047, 518.9999967813492], [450.0000238418579, 518.9999967813492], [450.0000238418579, 563.9999866485596], [163.99999782443047, 563.9999866485596]], 'review_notes': '', 'review_confidence': 0.99, 'requires_human_review': False}, 'name': {'value': 'Risa Bell', 'enabled': True, 'required': False, 'confidence': 0.9999972581863403, 'bounding_box': [[171.9999998807907, 167.0000046491623], [397.9999914765358, 167.0000046491623], [397.9999914765358, 223.9999994635582], [171.9999998807907, 223.9999994635582]], 'review_notes': '', 'review_confidence': 0.99, 'requires_human_review': False}, 'email': {'value': 'risabell1129@gmail.com', 'enabled': True, 'required': False, 'confidence': 0.7787436842918396, 'bounding_box': [[170.99999487400055, 401.00001096725464], [671.0000157356262, 401.00001096725464], [671.0000157356262, 450.99999606609344], [170.99999487400055, 450.99999606609344]], 'review_notes': '', 'review_confidence': 0.95, 'requires_human_review': False}, 'major': {'value': 'Business', 'enabled': True, 'required': False, 'confidence': 0.9999984502792358, 'bounding_box': [[165.99999517202377, 1163.9999389648438], [356.9999888539314, 1163.9999389648438], [356.9999888539314, 1221.0000157356262], [165.99999517202377, 1221.0000157356262]], 'review_notes': '', 'review_confidence': 0.99, 'requires_human_review': False}, 'address': {'value': '1721 Creekview Drive', 'enabled': True, 'required': False, 'confidence': 0.999977707862854, 'bounding_box': [[160.00000312924385, 623.9999949932098], [604.9999892711639, 623.9999949932098], [604.9999892711639, 677.0000100135803], [160.00000312924385, 677.0000100135803]], 'review_notes': '', 'review_confidence': 0.99, 'requires_human_review': False}, 'zip_code': {'value': '75154', 'enabled': True, 'required': False, 'confidence': 0.999998927116394, 'bounding_box': [[575.9999960660934, 734.0000212192535], [745.9999859333038, 734.0000212192535], [745.9999859333038, 785.9999716281891], [575.9999960660934, 785.9999716281891]], 'review_notes': '', 'review_confidence': 0.99, 'requires_human_review': False}, 'city_state': {'value': 'Glenn Heights, TX', 'enabled': True, 'required': False, 'confidence': 0.9999991655349731, 'bounding_box': [[163.00000548362732, 739.000016450882], [439.0000194311142, 739.000016450882], [439.0000194311142, 793.0000305175781], [163.00000548362732, 793.0000305175781]], 'review_notes': '', 'review_confidence': 0.95, 'requires_human_review': False}, 'class_rank': {'value': '2', 'enabled': True, 'required': False, 'confidence': 0.9998561143875122, 'bounding_box': [[201.00000575184822, 945.0000166893005], [241.99999570846558, 945.0000166893005], [241.99999570846558, 995.9999680519104], [201.00000575184822, 995.9999680519104]], 'review_notes': '', 'review_confidence': 0.99, 'requires_human_review': False}, 'entry_term': {'value': '2027', 'enabled': True, 'required': False, 'confidence': 0.9999958276748657, 'bounding_box': [[588.0000054836273, 1050.9999811649323], [737.9999965429306, 1050.9999811649323], [737.9999965429306, 1104.9999952316284], [588.0000054836273, 1104.9999952316284]], 'review_notes': '', 'review_confidence': 0.99, 'requires_human_review': False}, 'high_school': {'value': 'De Soto High School', 'enabled': True, 'required': False, 'confidence': 0.9999966621398926, 'bounding_box': [[165.99999517202377, 846.999979019165], [534.9999934434891, 846.999979019165], [534.9999934434891, 903.9999902248383], [165.99999517202377, 903.9999902248383]], 'review_notes': '', 'review_confidence': 0.99, 'requires_human_review': False}, 'student_type': {'value': 'Freshman', 'enabled': True, 'required': False, 'confidence': 0.9270906448364258, 'bounding_box': [[198.9999957382679, 1074.0000247955322], [319.00000125169754, 1074.0000247955322], [319.00000125169754, 1090.0000095367432], [198.9999957382679, 1090.0000095367432]], 'review_notes': '', 'review_confidence': 0.95, 'requires_human_review': False}, 'date_of_birth': {'value': '11/29/2008', 'enabled': True, 'required': False, 'confidence': 0.9999849200248718, 'bounding_box': [[581.9999754428864, 279.9999952316284], [782.0000141859055, 279.9999952316284], [782.0000141859055, 325.9999841451645], [581.9999754428864, 325.9999841451645]], 'review_notes': '', 'review_confidence': 0.95, 'requires_human_review': False}, 'students_in_class': {'value': '609', 'enabled': True, 'required': False, 'confidence': 0.9999680519104004, 'bounding_box': [[412.00001090765, 948.0000138282776], [492.99998581409454, 948.0000138282776], [492.99998581409454, 997.0000326633453], [412.00001090765, 997.0000326633453]], 'review_notes': '', 'review_confidence': 0.99, 'requires_human_review': False}, 'permission_to_text': {'value': 'Yes', 'enabled': True, 'required': False, 'confidence': 0.9999805688858032, 'bounding_box': [[630.0000131130219, 512.0000034570694], [672.0000207424164, 512.0000034570694], [672.0000207424164, 528.999987244606], [630.0000131130219, 528.999987244606]], 'review_notes': '', 'review_confidence': 0.99, 'requires_human_review': False}, 'preferred_first_name': {'value': 'Risa', 'enabled': True, 'required': False, 'confidence': 0.9999942183494568, 'bounding_box': [[170.0000025331974, 287.9999876022339], [275.0000089406967, 287.9999876022339], [275.0000089406967, 336.00000739097595], [170.0000025331974, 336.00000739097595]], 'review_notes': '', 'review_confidence': 0.99, 'requires_human_review': False}}, 'created_at': '2025-05-24T20:51:48.601749+00:00', 'reviewed_at': '2025-05-24T21:21:21.683026+00:00', 'exported_at': None, 'event_id': '7818909d-a3ff-4211-bf6e-c9b65952f758', 'updated_at': '2025-05-24T21:21:21.794686+00:00', 'review_status': 'archived', 'school_id': 'b1a2c3d4-e5f6-7890-1234-56789abcdef0', 'user_id': 'f8714b88-f5c7-404c-b4fa-2304e014a44b', 'image_path': 'f8714b88-f5c7-404c-b4fa-2304e014a44b/2025-05-24/6c7f2f0a-2d20-4e8f-93d3-b5f1949f98a5.png'}, {'id': 'cf12984d-3092-4997-ae15-609dc3ea133b', 'document_id': 'e9688299-5f2a-4e09-ad65-9efb5f3fee96', 'fields': {'gpa': {'value': '3.1', 'enabled': True, 'required': False, 'confidence': 0.9999943375587463, 'bounding_box': [[585.999995470047, 956.000006198883], [676.9999951124191, 956.000006198883], [676.9999951124191, 999.0000307559967], [585.999995470047, 999.0000307559967]], 'review_notes': '', 'review_confidence': 0.95, 'requires_human_review': False}, 'cell': {'value': '469-530-8124', 'enabled': True, 'required': False, 'confidence': 0.9999986290931702, 'bounding_box': [[163.99999782443047, 510.00000536441803], [500.00002086162567, 510.00000536441803], [500.00002086162567, 557.9999923706055], [163.99999782443047, 557.9999923706055]], 'review_notes': '', 'review_confidence': 0.95, 'requires_human_review': False}, 'name': {'value': 'Lily Bethea', 'enabled': True, 'required': False, 'confidence': 1.0, 'bounding_box': [[171.9999998807907, 181.00000768899918], [504.9999952316284, 181.00000768899918], [504.9999952316284, 226.99999660253525], [171.9999998807907, 226.99999660253525]], 'review_notes': '', 'review_confidence': 0.95, 'requires_human_review': False}, 'email': {'value': 'Purple121jb@gmail.com', 'enabled': True, 'required': False, 'confidence': 0.9999940991401672, 'bounding_box': [[170.0000025331974, 407.00000524520874], [695.9999889135361, 407.00000524520874], [695.9999889135361, 453.9999932050705], [170.0000025331974, 453.9999932050705]], 'review_notes': '', 'review_confidence': 0.95, 'requires_human_review': False}, 'major': {'value': 'Biology or Biochemistry', 'enabled': True, 'required': False, 'confidence': 0.9999920129776001, 'bounding_box': [[170.0000025331974, 1178.0000567436218], [763.0000203847885, 1178.0000567436218], [763.0000203847885, 1222.000014781952], [170.0000025331974, 1222.000014781952]], 'review_notes': '', 'review_confidence': 0.95, 'requires_human_review': False}, 'address': {'value': '1414 Watercourse Way', 'enabled': True, 'required': False, 'confidence': 0.9926376342773438, 'bounding_box': [[168.99999752640724, 624.9999940395355], [720.0000077486038, 624.9999940395355], [720.0000077486038, 678.000009059906], [168.99999752640724, 678.000009059906]], 'review_notes': '', 'review_confidence': 0.95, 'requires_human_review': False}, 'zip_code': {'value': '75104', 'enabled': True, 'required': False, 'confidence': 0.9999822378158569, 'bounding_box': [[589.0000104904175, 737.0000183582306], [765.9999847412109, 737.0000183582306], [765.9999847412109, 786.9999706745148], [589.0000104904175, 786.9999706745148]], 'review_notes': '', 'review_confidence': 0.95, 'requires_human_review': False}, 'city_state': {'value': 'Cedar Hill, TX', 'enabled': True, 'required': False, 'confidence': 0.9998466372489929, 'bounding_box': [[170.99999487400055, 739.000016450882], [528.000009059906, 739.000016450882], [528.000009059906, 788.9999687671661], [170.99999487400055, 788.9999687671661]], 'review_notes': '', 'review_confidence': 0.95, 'requires_human_review': False}, 'entry_term': {'value': '2025', 'enabled': True, 'required': False, 'confidence': 0.9999967217445374, 'bounding_box': [[581.0000211000443, 1054.999977350235], [804.999977350235, 1054.999977350235], [804.999977350235, 1109.9999904632568], [581.0000211000443, 1109.9999904632568]], 'review_notes': '', 'review_confidence': 0.95, 'requires_human_review': False}, 'high_school': {'value': 'Cedar Hill Collegiate HS', 'enabled': True, 'required': False, 'confidence': 1.0, 'bounding_box': [[158.9999981224537, 850.9999752044678], [744.9999809265137, 850.9999752044678], [744.9999809265137, 904.9999892711639], [158.9999981224537, 904.9999892711639]], 'review_notes': '', 'review_confidence': 0.95, 'requires_human_review': False}, 'student_type': {'value': 'Freshman', 'enabled': True, 'required': False, 'confidence': 0.999995768070221, 'bounding_box': [[198.9999957382679, 1074.0000247955322], [319.00000125169754, 1074.0000247955322], [319.00000125169754, 1091.0000085830688], [198.9999957382679, 1091.0000085830688]], 'review_notes': '', 'review_confidence': 0.95, 'requires_human_review': False}, 'date_of_birth': {'value': '12/21/2003', 'enabled': True, 'required': False, 'confidence': 0.9999823570251465, 'bounding_box': [[603.9999842643738, 273.00000190734863], [850.0, 273.00000190734863], [850.0, 336.00000739097595], [603.9999842643738, 336.00000739097595]], 'review_notes': '', 'review_confidence': 0.9, 'requires_human_review': False}, 'permission_to_text': {'value': 'No', 'enabled': True, 'required': False, 'confidence': 0.9652115106582642, 'bounding_box': [[795.9999829530716, 512.0000034570694], [830.0000011920929, 512.0000034570694], [830.0000011920929, 526.9999891519547], [795.9999829530716, 526.9999891519547]], 'review_notes': '', 'review_confidence': 0.95, 'requires_human_review': False}, 'preferred_first_name': {'value': 'Lily', 'enabled': True, 'required': False, 'confidence': 0.9999949932098389, 'bounding_box': [[183.00000429153442, 286.9999885559082], [287.9999980330467, 286.9999885559082], [287.9999980330467, 340.0000035762787], [183.00000429153442, 340.0000035762787]], 'review_notes': '', 'review_confidence': 0.95, 'requires_human_review': False}}, 'created_at': '2025-05-24T20:51:58.199432+00:00', 'reviewed_at': '2025-05-24T21:21:21.683026+00:00', 'exported_at': None, 'event_id': '7818909d-a3ff-4211-bf6e-c9b65952f758', 'updated_at': '2025-05-24T21:21:21.794686+00:00', 'review_status': 'archived', 'school_id': 'b1a2c3d4-e5f6-7890-1234-56789abcdef0', 'user_id': 'f8714b88-f5c7-404c-b4fa-2304e014a44b', 'image_path': 'f8714b88-f5c7-404c-b4fa-2304e014a44b/2025-05-24/4d12c2b3-3889-4c08-adcd-ddb076261727.png'}, {'id': '2205f0bd-28d7-4be3-b46d-faaf5fe2f4e2', 'document_id': 'bb29d015-e412-4e07-be89-8e69bbb3d0b9', 'fields': {'gpa': {'value': '3.75', 'enabled': True, 'required': False, 'confidence': 0.9999918341636658, 'bounding_box': [[599.000009894371, 956.000006198883], [685.9999895095825, 956.000006198883], [685.9999895095825, 997.0000326633453], [599.000009894371, 997.0000326633453]], 'review_notes': '', 'review_confidence': 0.95, 'requires_human_review': False}, 'cell': {'value': '214-329-5535', 'enabled': True, 'required': False, 'confidence': 0.9999959468841553, 'bounding_box': [[170.99999487400055, 516.9999986886978], [456.0000032186508, 516.9999986886978], [456.0000032186508, 562.9999876022339], [170.99999487400055, 562.9999876022339]], 'review_notes': '', 'review_confidence': 0.95, 'requires_human_review': False}, 'name': {'value': 'Jaden Aholo', 'enabled': True, 'required': False, 'confidence': 0.9999940395355225, 'bounding_box': [[190.99999368190765, 170.00000178813934], [519.0000146627426, 170.00000178813934], [519.0000146627426, 223.0000004172325], [190.99999368190765, 223.0000004172325]], 'review_notes': '', 'review_confidence': 0.95, 'requires_human_review': False}, 'email': {'value': 'holajaden4@gmail.com', 'enabled': True, 'required': False, 'confidence': 0.9999886155128479, 'bounding_box': [[165.99999517202377, 404.0000081062317], [666.9999957084656, 404.0000081062317], [666.9999957084656, 446.000000834465], [165.99999517202377, 446.000000834465]], 'review_notes': '', 'review_confidence': 0.95, 'requires_human_review': False}, 'major': {'value': 'Computer Science | Business', 'enabled': True, 'required': False, 'confidence': 0.9994454979896545, 'bounding_box': [[178.00000458955765, 1170.0000643730164], [735.9999865293503, 1170.0000643730164], [735.9999865293503, 1223.0000138282776], [178.00000458955765, 1223.0000138282776]], 'review_notes': '', 'review_confidence': 0.95, 'requires_human_review': False}, 'address': {'value': '707 Cobblestone CE', 'enabled': True, 'required': False, 'confidence': 0.9999942779541016, 'bounding_box': [[170.0000025331974, 624.9999940395355], [565.9999966621399, 624.9999940395355], [565.9999966621399, 673.0000138282776], [170.0000025331974, 673.0000138282776]], 'review_notes': "Is 'CE' meant to be 'Ct' or similar?", 'review_confidence': 0.7, 'requires_human_review': True}, 'zip_code': {'value': '75104', 'enabled': True, 'required': False, 'confidence': 0.9999954104423523, 'bounding_box': [[598.0000048875809, 739.000016450882], [743.9999759197235, 739.000016450882], [743.9999759197235, 780.9999763965607], [598.0000048875809, 780.9999763965607]], 'review_notes': '', 'review_confidence': 0.95, 'requires_human_review': False}, 'city_state': {'value': 'Cedar Hill, TX', 'enabled': True, 'required': False, 'confidence': 0.9999931454658508, 'bounding_box': [[170.99999487400055, 741.0000145435333], [373.9999979734421, 741.0000145435333], [373.9999979734421, 785.9999716281891], [170.99999487400055, 785.9999716281891]], 'review_notes': '', 'review_confidence': 0.95, 'requires_human_review': False}, 'class_rank': {'value': 'N/A', 'enabled': True, 'required': False, 'confidence': 0.9970210790634155, 'bounding_box': [[180.9999942779541, 955.0000071525574], [267.9999992251396, 955.0000071525574], [267.9999992251396, 1001.0000288486481], [180.9999942779541, 1001.0000288486481]], 'review_notes': '', 'review_confidence': 0.95, 'requires_human_review': False}, 'entry_term': {'value': '2025', 'enabled': True, 'required': False, 'confidence': 0.9999939799308777, 'bounding_box': [[616.9999986886978, 1055.9999763965607], [825.9999811649323, 1055.9999763965607], [825.9999811649323, 1102.999997138977], [616.9999986886978, 1102.999997138977]], 'review_notes': '', 'review_confidence': 0.95, 'requires_human_review': False}, 'high_school': {'value': 'Cedar Hill Collegiate High School', 'enabled': True, 'required': False, 'confidence': 0.9999904036521912, 'bounding_box': [[173.00000488758087, 855.9999704360962], [855.0000250339508, 855.9999704360962], [855.0000250339508, 902.9999911785126], [173.00000488758087, 902.9999911785126]], 'review_notes': '', 'review_confidence': 0.95, 'requires_human_review': False}, 'student_type': {'value': 'Freshman', 'enabled': True, 'required': False, 'confidence': 0.9999971985816956, 'bounding_box': [[208.0000028014183, 1074.0000247955322], [321.00001126527786, 1074.0000247955322], [321.00001126527786, 1091.0000085830688], [208.0000028014183, 1091.0000085830688]], 'review_notes': '', 'review_confidence': 0.95, 'requires_human_review': False}, 'date_of_birth': {'value': '08/03/2007', 'enabled': True, 'required': False, 'confidence': 0.9999886155128479, 'bounding_box': [[588.0000054836273, 289.99998569488525], [860.0000500679016, 289.99998569488525], [860.0000500679016, 332.0000112056732], [588.0000054836273, 332.0000112056732]], 'review_notes': '', 'review_confidence': 0.95, 'requires_human_review': False}, 'students_in_class': {'value': 'N/A', 'enabled': True, 'required': False, 'confidence': 0.9999295473098755, 'bounding_box': [[417.00001060962677, 959.0000033378601], [497.0000058412552, 959.0000033378601], [497.0000058412552, 997.0000326633453], [417.00001060962677, 997.0000326633453]], 'review_notes': '', 'review_confidence': 0.95, 'requires_human_review': False}, 'permission_to_text': {'value': 'Yes', 'enabled': True, 'required': False, 'confidence': 0.9999977350234985, 'bounding_box': [[634.9999874830246, 512.0000034570694], [680.0000101327896, 512.0000034570694], [680.0000101327896, 527.9999881982803], [634.9999874830246, 527.9999881982803]], 'review_notes': '', 'review_confidence': 0.95, 'requires_human_review': False}, 'preferred_first_name': {'value': 'Jaden', 'enabled': True, 'required': False, 'confidence': 0.9999994039535522, 'bounding_box': [[175.99999457597733, 288.99998664855957], [306.00001215934753, 288.99998664855957], [306.00001215934753, 338.0000054836273], [175.99999457597733, 338.0000054836273]], 'review_notes': '', 'review_confidence': 0.95, 'requires_human_review': False}}, 'created_at': '2025-05-24T20:52:09.192879+00:00', 'reviewed_at': '2025-05-24T21:21:21.683026+00:00', 'exported_at': None, 'event_id': '7818909d-a3ff-4211-bf6e-c9b65952f758', 'updated_at': '2025-05-24T21:21:21.794686+00:00', 'review_status': 'archived', 'school_id': 'b1a2c3d4-e5f6-7890-1234-56789abcdef0', 'user_id': 'f8714b88-f5c7-404c-b4fa-2304e014a44b', 'image_path': 'f8714b88-f5c7-404c-b4fa-2304e014a44b/2025-05-24/15700c9e-ec0f-4670-9ecb-d96b2c3c0aae.png'}, {'id': '7421c089-d8d9-4494-bf78-cf76178c3ff5', 'document_id': 'd611bafd-ba4d-4922-9f73-4c363bed1dcb', 'fields': {'gpa': {'value': '', 'enabled': True, 'required': False, 'confidence': 0.9961729049682617, 'bounding_box': [[585.999995470047, 954.0000081062317], [691.0000145435333, 954.0000081062317], [691.0000145435333, 1004.0000259876251], [585.999995470047, 1004.0000259876251]], 'review_notes': '', 'review_confidence': 1.0, 'requires_human_review': False}, 'cell': {'value': '469-263-4739', 'enabled': True, 'required': True, 'confidence': 0.9999966621398926, 'bounding_box': [[170.99999487400055, 519.9999958276749], [510.0000202655792, 519.9999958276749], [510.0000202655792, 564.9999856948853], [170.99999487400055, 564.9999856948853]], 'review_notes': '', 'review_confidence': 1.0, 'requires_human_review': False}, 'city': {'value': 'Cedar Hill', 'enabled': True, 'required': False, 'confidence': 0.95, 'bounding_box': [], 'review_notes': '', 'review_confidence': 1.0, 'requires_human_review': False}, 'name': {'value': 'Celeste Johnson', 'enabled': True, 'required': True, 'confidence': 0.9999988675117493, 'bounding_box': [[163.99999782443047, 164.00000751018524], [577.0000010728836, 164.00000751018524], [577.0000010728836, 224.99999850988388], [163.99999782443047, 224.99999850988388]], 'review_notes': '', 'review_confidence': 1.0, 'requires_human_review': False}, 'email': {'value': 'celestej311@gmail.com', 'enabled': True, 'required': True, 'confidence': 0.9999861121177673, 'bounding_box': [[171.9999998807907, 402.0000100135803], [689.000004529953, 402.0000100135803], [689.000004529953, 453.9999932050705], [171.9999998807907, 453.9999932050705]], 'review_notes': '', 'review_confidence': 1.0, 'requires_human_review': False}, 'major': {'value': 'Medical Field', 'enabled': True, 'required': False, 'confidence': 0.9999954104423523, 'bounding_box': [[173.99999722838402, 1166.9999361038208], [509.00001525878906, 1166.9999361038208], [509.00001525878906, 1218.0000185966492], [173.99999722838402, 1218.0000185966492]], 'review_notes': '', 'review_confidence': 1.0, 'requires_human_review': False}, 'state': {'value': 'TX', 'enabled': True, 'required': False, 'confidence': 0.95, 'bounding_box': [], 'review_notes': '', 'review_confidence': 1.0, 'requires_human_review': False}, 'address': {'value': '213 Chamblin Dr', 'enabled': True, 'required': True, 'confidence': 0.9999998807907104, 'bounding_box': [[178.00000458955765, 624.9999940395355], [585.999995470047, 624.9999940395355], [585.999995470047, 671.0000157356262], [178.00000458955765, 671.0000157356262]], 'review_notes': '', 'review_confidence': 1.0, 'requires_human_review': False}, 'zip_code': {'value': '75104', 'enabled': True, 'required': True, 'confidence': 0.9999954700469971, 'bounding_box': [[583.9999854564667, 737.0000183582306], [742.0000165700912, 737.0000183582306], [742.0000165700912, 788.9999687671661], [583.9999854564667, 788.9999687671661]], 'review_notes': '', 'review_confidence': 1.0, 'requires_human_review': False}, 'class_rank': {'value': '', 'enabled': True, 'required': False, 'confidence': 0.999045729637146, 'bounding_box': [[173.00000488758087, 953.000009059906], [270.9999889135361, 953.000009059906], [270.9999889135361, 1003.0000269412994], [173.00000488758087, 1003.0000269412994]], 'review_notes': '', 'review_confidence': 1.0, 'requires_human_review': False}, 'entry_term': {'value': 'Fall 2026', 'enabled': True, 'required': False, 'confidence': 0.9999988675117493, 'bounding_box': [[590.0000154972076, 1054.999977350235], [840.0000005960464, 1054.999977350235], [840.0000005960464, 1109.9999904632568], [590.0000154972076, 1109.9999904632568]], 'review_notes': '', 'review_confidence': 1.0, 'requires_human_review': False}, 'high_school': {'value': 'Desoto High School', 'enabled': True, 'required': False, 'confidence': 0.9999929070472717, 'bounding_box': [[178.9999969303608, 847.9999780654907], [584.9999904632568, 847.9999780654907], [584.9999904632568, 898.9999949932098], [178.9999969303608, 898.9999949932098]], 'review_notes': '', 'review_confidence': 1.0, 'requires_human_review': False}, 'student_type': {'value': 'Freshman', 'enabled': True, 'required': False, 'confidence': 0.9975411891937256, 'bounding_box': [[201.00000575184822, 1072.0000267028809], [317.9999962449074, 1072.0000267028809], [317.9999962449074, 1098.0000019073486], [201.00000575184822, 1098.0000019073486]], 'review_notes': '', 'review_confidence': 1.0, 'requires_human_review': False}, 'date_of_birth': {'value': '11/11/2007', 'enabled': True, 'required': False, 'confidence': 0.999997615814209, 'bounding_box': [[591.0000205039978, 283.99999141693115], [810.0000023841858, 283.99999141693115], [810.0000023841858, 334.0000092983246], [591.0000205039978, 334.0000092983246]], 'review_notes': '', 'review_confidence': 1.0, 'requires_human_review': False}, 'students_in_class': {'value': '', 'enabled': True, 'required': False, 'confidence': 0.9953948855400085, 'bounding_box': [[397.00001180171967, 956.000006198883], [487.00000643730164, 956.000006198883], [487.00000643730164, 1006.0000240802765], [397.00001180171967, 1006.0000240802765]], 'review_notes': '', 'review_confidence': 1.0, 'requires_human_review': False}, 'permission_to_text': {'value': 'Yes', 'enabled': True, 'required': False, 'confidence': 0.9999943971633911, 'bounding_box': [[631.000018119812, 514.0000015497208], [675.999990105629, 514.0000015497208], [675.999990105629, 530.9999853372574], [631.000018119812, 530.9999853372574]], 'review_notes': '', 'review_confidence': 1.0, 'requires_human_review': False}, 'preferred_first_name': {'value': 'Celeste', 'enabled': True, 'required': False, 'confidence': 0.9999969005584717, 'bounding_box': [[170.0000025331974, 283.99999141693115], [346.9999894499779, 283.99999141693115], [346.9999894499779, 332.0000112056732], [170.0000025331974, 332.0000112056732]], 'review_notes': '', 'review_confidence': 1.0, 'requires_human_review': False}}, 'created_at': '2025-05-24T20:52:23.237145+00:00', 'reviewed_at': '2025-05-24T21:21:21.683026+00:00', 'exported_at': None, 'event_id': '7818909d-a3ff-4211-bf6e-c9b65952f758', 'updated_at': '2025-05-24T21:21:21.794686+00:00', 'review_status': 'archived', 'school_id': 'b1a2c3d4-e5f6-7890-1234-56789abcdef0', 'user_id': 'f8714b88-f5c7-404c-b4fa-2304e014a44b', 'image_path': 'f8714b88-f5c7-404c-b4fa-2304e014a44b/2025-05-24/8dab9326-e88c-44f4-b8ad-575cb65bd2e4.png'}, {'id': '166bc0a4-28cd-4401-aa0d-59b4a3d73879', 'document_id': '29d9ca64-e9c8-4c0e-8b46-888e010e38fc', 'fields': {'gpa': {'value': '3.5', 'enabled': True, 'required': False, 'confidence': 0.9999338388442993, 'bounding_box': [[599.000009894371, 933.0000281333923], [741.0000115633011, 933.0000281333923], [741.0000115633011, 997.0000326633453], [599.000009894371, 997.0000326633453]], 'review_notes': '', 'review_confidence': 0.95, 'requires_human_review': False}, 'cell': {'value': '945-240-9989', 'enabled': True, 'required': False, 'confidence': 0.9990050792694092, 'bounding_box': [[158.00000578165054, 501.0000139474869], [496.000000834465, 501.0000139474869], [496.000000834465, 555.9999942779541], [158.00000578165054, 555.9999942779541]], 'review_notes': '', 'review_confidence': 0.95, 'requires_human_review': False}, 'name': {'value': 'Kurtavia Wilson-Small', 'enabled': True, 'required': False, 'confidence': 0.9999852776527405, 'bounding_box': [[160.999995470047, 157.99999684095383], [772.0000147819519, 157.99999684095383], [772.0000147819519, 224.99999850988388], [160.999995470047, 224.99999850988388]], 'review_notes': '', 'review_confidence': 0.95, 'requires_human_review': False}, 'email': {'value': 'WilsonSmallKurtavia@gmail.com', 'enabled': True, 'required': False, 'confidence': 0.9445715546607971, 'bounding_box': [[163.99999782443047, 389.9999886751175], [841.0000056028366, 389.9999886751175], [841.0000056028366, 451.9999951124191], [163.99999782443047, 451.9999951124191]], 'review_notes': '', 'review_confidence': 0.95, 'requires_human_review': False}, 'major': {'value': 'Forensic Science', 'enabled': True, 'required': False, 'confidence': 0.9999969601631165, 'bounding_box': [[180.00000193715096, 1159.999942779541], [508.0000102519989, 1159.999942779541], [508.0000102519989, 1222.000014781952], [180.00000193715096, 1222.000014781952]], 'review_notes': '', 'review_confidence': 0.95, 'requires_human_review': False}, 'address': {'value': '703 Ford Dr', 'enabled': True, 'required': False, 'confidence': 0.9999927878379822, 'bounding_box': [[163.99999782443047, 608.0000102519989], [538.0000084638596, 608.0000102519989], [538.0000084638596, 673.0000138282776], [163.99999782443047, 673.0000138282776]], 'review_notes': '', 'review_confidence': 0.95, 'requires_human_review': False}, 'zip_code': {'value': '75104', 'enabled': True, 'required': False, 'confidence': 0.999988853931427, 'bounding_box': [[600.0000149011612, 723.000031709671], [767.9999947547913, 723.000031709671], [767.9999947547913, 788.9999687671661], [600.0000149011612, 788.9999687671661]], 'review_notes': '', 'review_confidence': 0.95, 'requires_human_review': False}, 'city_state': {'value': 'Cedar Hill, TX', 'enabled': True, 'required': False, 'confidence': 0.999874472618103, 'bounding_box': [[183.00000429153442, 723.000031709671], [497.0000058412552, 723.000031709671], [497.0000058412552, 788.9999687671661], [183.00000429153442, 788.9999687671661]], 'review_notes': '', 'review_confidence': 0.95, 'requires_human_review': False}, 'class_rank': {'value': '02', 'enabled': True, 'required': False, 'confidence': 0.9998778700828552, 'bounding_box': [[181.99999928474426, 953.000009059906], [253.0000001192093, 953.000009059906], [253.0000001192093, 994.9999690055847], [181.99999928474426, 994.9999690055847]], 'review_notes': '', 'review_confidence': 0.95, 'requires_human_review': False}, 'entry_term': {'value': '2020', 'enabled': True, 'required': False, 'confidence': 0.9999949336051941, 'bounding_box': [[601.0000199079514, 1059.9999725818634], [740.0000065565109, 1059.9999725818634], [740.0000065565109, 1101.9999980926514], [601.0000199079514, 1101.9999980926514]], 'review_notes': '', 'review_confidence': 0.95, 'requires_human_review': False}, 'high_school': {'value': 'Cedar Hill Highschool', 'enabled': True, 'required': False, 'confidence': 0.9999910593032837, 'bounding_box': [[178.00000458955765, 830.9999942779541], [722.0000177621841, 830.9999942779541], [722.0000177621841, 901.9999921321869], [178.00000458955765, 901.9999921321869]], 'review_notes': '', 'review_confidence': 0.95, 'requires_human_review': False}, 'student_type': {'value': 'Freshman', 'enabled': True, 'required': False, 'confidence': 0.9975060820579529, 'bounding_box': [[198.9999957382679, 1072.0000267028809], [316.0000115633011, 1072.0000267028809], [316.0000115633011, 1089.0000104904175], [198.9999957382679, 1089.0000104904175]], 'review_notes': '', 'review_confidence': 0.95, 'requires_human_review': False}, 'date_of_birth': {'value': '05/28/2008', 'enabled': True, 'required': False, 'confidence': 0.9999979734420776, 'bounding_box': [[584.9999904632568, 275.9999990463257], [851.0000050067902, 275.9999990463257], [851.0000050067902, 335.00000834465027], [584.9999904632568, 335.00000834465027]], 'review_notes': '', 'review_confidence': 0.95, 'requires_human_review': False}, 'students_in_class': {'value': '535', 'enabled': True, 'required': False, 'confidence': 0.9988805055618286, 'bounding_box': [[406.00000619888306, 933.0000281333923], [519.0000146627426, 933.0000281333923], [519.0000146627426, 998.000031709671], [406.00000619888306, 998.000031709671]], 'review_notes': '', 'review_confidence': 0.95, 'requires_human_review': False}, 'permission_to_text': {'value': 'Yes', 'enabled': True, 'required': False, 'confidence': 0.9999783039093018, 'bounding_box': [[632.0000231266022, 511.0000044107437], [673.9999800920486, 511.0000044107437], [673.9999800920486, 525.999990105629], [632.0000231266022, 525.999990105629]], 'review_notes': '', 'review_confidence': 0.95, 'requires_human_review': False}}, 'created_at': '2025-05-24T20:52:30.283031+00:00', 'reviewed_at': '2025-05-24T21:21:21.683026+00:00', 'exported_at': None, 'event_id': '7818909d-a3ff-4211-bf6e-c9b65952f758', 'updated_at': '2025-05-24T21:21:21.794686+00:00', 'review_status': 'archived', 'school_id': 'b1a2c3d4-e5f6-7890-1234-56789abcdef0', 'user_id': 'f8714b88-f5c7-404c-b4fa-2304e014a44b', 'image_path': 'f8714b88-f5c7-404c-b4fa-2304e014a44b/2025-05-24/61731105-c121-46f9-9ced-da64a90bb278.png'}, {'id': '27c8c5f1-07e9-4706-898b-243020e31a62', 'document_id': 'ce3eef52-e4e2-4ced-9c97-fbd5ebaa7c22', 'fields': {'cell': {'value': '305-989-2243', 'enabled': True, 'required': False, 'confidence': 0.9999921321868896, 'bounding_box': [[163.99999782443047, 509.00000631809235], [481.99998140335083, 509.00000631809235], [481.99998140335083, 555.9999942779541], [163.99999782443047, 555.9999942779541]], 'review_notes': '', 'review_confidence': 0.95, 'requires_human_review': False}, 'name': {'value': 'Emma Henao', 'enabled': True, 'required': False, 'confidence': 0.9999979734420776, 'bounding_box': [[176.9999995827675, 169.00000274181366], [421.0000053048134, 169.00000274181366], [421.0000053048134, 213.99999260902405], [176.9999995827675, 213.99999260902405]], 'review_notes': '', 'review_confidence': 0.95, 'requires_human_review': False}, 'email': {'value': 'emmahenao@wyliebulldogs.org', 'enabled': True, 'required': False, 'confidence': 0.9998886585235596, 'bounding_box': [[183.99999663233757, 394.9999839067459], [733.99997651577, 394.9999839067459], [733.99997651577, 450.99999606609344], [183.99999663233757, 450.99999606609344]], 'review_notes': '', 'review_confidence': 0.95, 'requires_human_review': False}, 'major': {'value': 'Business and Human Sciences', 'enabled': True, 'required': False, 'confidence': 0.9999935626983643, 'bounding_box': [[171.9999998807907, 1159.999942779541], [851.0000050067902, 1159.999942779541], [851.0000050067902, 1215.0000214576721], [171.9999998807907, 1215.0000214576721]], 'review_notes': '', 'review_confidence': 0.95, 'requires_human_review': False}, 'address': {'value': '141 Gainsway ST', 'enabled': True, 'required': False, 'confidence': 0.9999957084655762, 'bounding_box': [[178.00000458955765, 620.9999978542328], [558.0000072717667, 620.9999978542328], [558.0000072717667, 673.0000138282776], [178.00000458955765, 673.0000138282776]], 'review_notes': '', 'review_confidence': 0.95, 'requires_human_review': False}, 'zip_code': {'value': '79606', 'enabled': True, 'required': False, 'confidence': 0.9999979734420776, 'bounding_box': [[585.999995470047, 739.000016450882], [726.9999921321869, 739.000016450882], [726.9999921321869, 777.9999792575836], [585.999995470047, 777.9999792575836]], 'review_notes': '', 'review_confidence': 0.95, 'requires_human_review': False}, 'city_state': {'value': 'Abilene, TX', 'enabled': True, 'required': False, 'confidence': 0.9977385997772217, 'bounding_box': [[181.99999928474426, 735.0000202655792], [459.0000182390213, 735.0000202655792], [459.0000182390213, 781.9999754428864], [181.99999928474426, 781.9999754428864]], 'review_notes': '', 'review_confidence': 0.95, 'requires_human_review': False}, 'entry_term': {'value': '2029', 'enabled': True, 'required': False, 'confidence': 0.9999977946281433, 'bounding_box': [[584.9999904632568, 1046.9999849796295], [823.0000168085098, 1046.9999849796295], [823.0000168085098, 1105.999994277954], [584.9999904632568, 1105.999994277954]], 'review_notes': '', 'review_confidence': 0.95, 'requires_human_review': False}, 'high_school': {'value': 'Wylie High School', 'enabled': True, 'required': False, 'confidence': 0.9999945759773254, 'bounding_box': [[168.99999752640724, 846.999979019165], [598.0000048875809, 846.999979019165], [598.0000048875809, 901.9999921321869], [168.99999752640724, 901.9999921321869]], 'review_notes': '', 'review_confidence': 0.95, 'requires_human_review': False}, 'student_type': {'value': 'Freshman', 'enabled': True, 'required': False, 'confidence': 0.9999949336051941, 'bounding_box': [[201.00000575184822, 1074.0000247955322], [320.0000062584877, 1074.0000247955322], [320.0000062584877, 1091.0000085830688], [201.00000575184822, 1091.0000085830688]], 'review_notes': '', 'review_confidence': 0.95, 'requires_human_review': False}, 'date_of_birth': {'value': '', 'enabled': True, 'required': False, 'confidence': 0.9999919533729553, 'bounding_box': [[581.9999754428864, 275.0], [831.000006198883, 275.0], [831.000006198883, 337.00000643730164], [581.9999754428864, 337.00000643730164]], 'review_notes': '', 'review_confidence': 0.1, 'requires_human_review': False}, 'permission_to_text': {'value': 'Yes', 'enabled': True, 'required': False, 'confidence': 0.6844399571418762, 'bounding_box': [[630.0000131130219, 506.0000091791153], [832.0000112056732, 506.0000091791153], [832.0000112056732, 535.0000143051147], [630.0000131130219, 535.0000143051147]], 'review_notes': '', 'review_confidence': 0.95, 'requires_human_review': False}, 'preferred_first_name': {'value': 'Emma', 'enabled': True, 'required': False, 'confidence': 0.9999975562095642, 'bounding_box': [[178.9999969303608, 285.9999895095825], [332.9999953508377, 285.9999895095825], [332.9999953508377, 324.9999850988388], [178.9999969303608, 324.9999850988388]], 'review_notes': '', 'review_confidence': 0.95, 'requires_human_review': False}}, 'created_at': '2025-05-24T20:52:39.200909+00:00', 'reviewed_at': '2025-05-24T21:21:21.683026+00:00', 'exported_at': None, 'event_id': '7818909d-a3ff-4211-bf6e-c9b65952f758', 'updated_at': '2025-05-24T21:21:21.794686+00:00', 'review_status': 'archived', 'school_id': 'b1a2c3d4-e5f6-7890-1234-56789abcdef0', 'user_id': 'f8714b88-f5c7-404c-b4fa-2304e014a44b', 'image_path': 'f8714b88-f5c7-404c-b4fa-2304e014a44b/2025-05-24/803c2fa2-a771-4493-a3a3-468ef307f06f.png'}, {'id': 'ce21ea97-817f-4fdb-92a0-05d17a87b49a', 'document_id': '5a063e72-2655-4984-b3e5-c5ff342f1ba7', 'fields': {'cell': {'value': '325-338-7743', 'enabled': True, 'required': True, 'confidence': 0.9999932050704956, 'bounding_box': [[168.0000051856041, 515.0000005960464], [480.99997639656067, 515.0000005960464], [480.99997639656067, 558.9999914169312], [168.0000051856041, 558.9999914169312]], 'review_notes': '', 'review_confidence': 1.0, 'requires_human_review': False}, 'city': {'value': 'Abilene', 'source': 'zip_validation', 'enabled': True, 'required': False, 'confidence': 0.95, 'bounding_box': [], 'review_notes': '', 'review_confidence': 1.0, 'requires_human_review': False}, 'name': {'value': 'Brielle Samulde', 'enabled': True, 'required': True, 'confidence': 0.999998927116394, 'bounding_box': [[170.0000025331974, 167.0000046491623], [547.000002861023, 167.0000046491623], [547.000002861023, 218.0000051856041], [170.0000025331974, 218.0000051856041]], 'review_notes': '', 'review_confidence': 1.0, 'requires_human_review': False}, 'email': {'value': 'Samulbri29@wyliebulldogs.org', 'enabled': True, 'required': True, 'confidence': 0.9999948740005493, 'bounding_box': [[180.00000193715096, 397.0000147819519], [774.0000247955322, 397.0000147819519], [774.0000247955322, 446.9999998807907], [180.00000193715096, 446.9999998807907]], 'review_notes': '', 'review_confidence': 1.0, 'requires_human_review': False}, 'major': {'value': 'Theatre & Art', 'enabled': True, 'required': False, 'confidence': 0.9996102452278137, 'bounding_box': [[168.99999752640724, 1170.0000643730164], [502.9999852180481, 1170.0000643730164], [502.9999852180481, 1222.000014781952], [168.99999752640724, 1222.000014781952]], 'review_notes': '', 'review_confidence': 1.0, 'requires_human_review': False}, 'state': {'value': 'TX', 'source': 'zip_validation', 'enabled': True, 'required': False, 'confidence': 0.95, 'bounding_box': [], 'review_notes': '', 'review_confidence': 1.0, 'requires_human_review': False}, 'address': {'value': 'Western Dunes', 'enabled': True, 'required': True, 'confidence': 0.9999900460243225, 'bounding_box': [[168.99999752640724, 623.9999949932098], [479.0000170469284, 623.9999949932098], [479.0000170469284, 670.0000166893005], [168.99999752640724, 670.0000166893005]], 'review_notes': '', 'review_confidence': 1.0, 'requires_human_review': False}, 'zip_code': {'value': '79606', 'enabled': True, 'required': True, 'confidence': 0.9999907612800598, 'bounding_box': [[608.0000042915344, 740.0000154972076], [755.9999853372574, 740.0000154972076], [755.9999853372574, 771.9999849796295], [608.0000042915344, 771.9999849796295]], 'review_notes': '', 'review_confidence': 1.0, 'requires_human_review': False}, 'entry_term': {'value': 'Fall 2024', 'enabled': True, 'required': False, 'confidence': 0.9999945163726807, 'bounding_box': [[590.0000154972076, 1047.9999840259552], [781.0000091791153, 1047.9999840259552], [781.0000091791153, 1096.0000038146973], [590.0000154972076, 1096.0000038146973]], 'review_notes': '', 'review_confidence': 1.0, 'requires_human_review': False}, 'high_school': {'value': 'Wylie West Junior High School', 'enabled': True, 'required': False, 'confidence': 0.9999966621398926, 'bounding_box': [[173.00000488758087, 849.9999761581421], [671.0000157356262, 849.9999761581421], [671.0000157356262, 895.9999978542328], [173.00000488758087, 895.9999978542328]], 'review_notes': '', 'review_confidence': 1.0, 'requires_human_review': False}, 'student_type': {'value': 'Freshman', 'enabled': True, 'required': False, 'confidence': 0.9999997615814209, 'bounding_box': [[201.00000575184822, 1074.0000247955322], [321.999990940094, 1074.0000247955322], [321.999990940094, 1091.0000085830688], [201.00000575184822, 1091.0000085830688]], 'review_notes': '', 'review_confidence': 1.0, 'requires_human_review': False}, 'date_of_birth': {'value': '01/14/2011', 'enabled': True, 'required': False, 'confidence': 0.9999933242797852, 'bounding_box': [[618.000003695488, 286.9999885559082], [800.0000029802322, 286.9999885559082], [800.0000029802322, 319.9999898672104], [618.000003695488, 319.9999898672104]], 'review_notes': '', 'review_confidence': 1.0, 'requires_human_review': False}, 'permission_to_text': {'value': 'Yes', 'enabled': True, 'required': False, 'confidence': 0.9999936819076538, 'bounding_box': [[630.0000131130219, 511.0000044107437], [675.999990105629, 511.0000044107437], [675.999990105629, 528.999987244606], [630.0000131130219, 528.999987244606]], 'review_notes': '', 'review_confidence': 1.0, 'requires_human_review': False}, 'preferred_first_name': {'value': 'Brie', 'enabled': True, 'required': False, 'confidence': 0.9999948740005493, 'bounding_box': [[180.9999942779541, 284.99999046325684], [287.9999980330467, 284.99999046325684], [287.9999980330467, 324.9999850988388], [180.9999942779541, 324.9999850988388]], 'review_notes': '', 'review_confidence': 1.0, 'requires_human_review': False}}, 'created_at': '2025-05-24T20:52:49.377397+00:00', 'reviewed_at': '2025-05-24T21:21:21.683026+00:00', 'exported_at': None, 'event_id': '7818909d-a3ff-4211-bf6e-c9b65952f758', 'updated_at': '2025-05-24T21:21:21.794686+00:00', 'review_status': 'archived', 'school_id': 'b1a2c3d4-e5f6-7890-1234-56789abcdef0', 'user_id': 'f8714b88-f5c7-404c-b4fa-2304e014a44b', 'image_path': 'f8714b88-f5c7-404c-b4fa-2304e014a44b/2025-05-24/adb21b29-ae5a-46b6-9bf4-1c63cd8c9888.png'}, {'id': '5bf4b9bd-2ad0-4070-98da-f7fca74249a6', 'document_id': '70821a2f-b64c-48b2-8ba8-d32da64a6e0d', 'fields': {'cell': {'value': '325-338-7743', 'enabled': True, 'required': False, 'confidence': 0.999997079372406, 'bounding_box': [[255.99999614059925, 771.0000023245811], [719.0000027418137, 771.0000023245811], [719.0000027418137, 835.9999895095825], [255.99999614059925, 835.9999895095825]], 'review_notes': '', 'review_confidence': 0.95, 'requires_human_review': False}, 'name': {'value': 'Brielle Samulde', 'enabled': True, 'required': False, 'confidence': 0.9999886155128479, 'bounding_box': [[252.00000777840614, 250.0000074505806], [817.0000120997429, 250.0000074505806], [817.0000120997429, 325.0000096857548], [252.00000777840614, 325.0000096857548]], 'review_notes': '', 'review_confidence': 0.95, 'requires_human_review': False}, 'email': {'value': 'Samulbri29@wyliebulldogs.org', 'enabled': True, 'required': False, 'confidence': 0.9999904036521912, 'bounding_box': [[277.00000628829, 597.0000207424164], [1161.0000371932983, 597.0000207424164], [1161.0000371932983, 670.0000002980232], [277.00000628829, 670.0000002980232]], 'review_notes': '', 'review_confidence': 0.95, 'requires_human_review': False}, 'address': {'value': 'Western Pumas', 'enabled': True, 'required': False, 'confidence': 0.9986469745635986, 'bounding_box': [[257.99999982118607, 934.9999934434891], [717.9999724030495, 934.9999934434891], [717.9999724030495, 1001.0000288486481], [257.99999982118607, 1001.0000288486481]], 'review_notes': '', 'review_confidence': 0.95, 'requires_human_review': False}, 'zip_code': {'value': '79606', 'enabled': True, 'required': False, 'confidence': 0.9999876022338867, 'bounding_box': [[917.0000061392784, 1110.0000232458115], [1133.999978005886, 1110.0000232458115], [1133.999978005886, 1156.9999784231186], [917.0000061392784, 1156.9999784231186]], 'review_notes': '', 'review_confidence': 0.95, 'requires_human_review': False}, 'entry_term': {'value': '2024', 'enabled': True, 'required': False, 'confidence': 0.9999358057975769, 'bounding_box': [[890.9999772906303, 1571.9999760389328], [1168.9999759197235, 1571.9999760389328], [1168.9999759197235, 1642.0000076293945], [890.9999772906303, 1642.0000076293945]], 'review_notes': '', 'review_confidence': 0.95, 'requires_human_review': False}, 'high_school': {'value': 'Wylie West Junior High', 'enabled': True, 'required': False, 'confidence': 0.9999960064888, 'bounding_box': [[260.0000035017729, 1273.9999651908875], [1005.9999704360962, 1273.9999651908875], [1005.9999704360962, 1345.9999948740005], [260.0000035017729, 1345.9999948740005]], 'review_notes': '', 'review_confidence': 0.95, 'requires_human_review': False}, 'student_type': {'value': 'Freshman', 'enabled': True, 'required': False, 'confidence': 0.998217761516571, 'bounding_box': [[304.0000084787607, 1611.0000371932983], [484.0000167489052, 1611.0000371932983], [484.0000167489052, 1637.000012397766], [304.0000084787607, 1637.000012397766]], 'review_notes': '', 'review_confidence': 0.95, 'requires_human_review': False}, 'date_of_birth': {'value': '01/14/2011', 'enabled': True, 'required': False, 'confidence': 0.9999780058860779, 'bounding_box': [[932.0000052452087, 430.99998235702515], [1201.0000348091125, 430.99998235702515], [1201.0000348091125, 479.9999848008156], [932.0000052452087, 479.9999848008156]], 'review_notes': '', 'review_confidence': 0.95, 'requires_human_review': False}, 'permission_to_text': {'value': 'Yes', 'enabled': True, 'required': False, 'confidence': 0.9999058842658997, 'bounding_box': [[948.9999890327454, 766.0000070929527], [1013.0000308156013, 766.0000070929527], [1013.0000308156013, 790.9999832510948], [948.9999890327454, 790.9999832510948]], 'review_notes': '', 'review_confidence': 0.95, 'requires_human_review': False}, 'preferred_first_name': {'value': 'Brie', 'enabled': True, 'required': False, 'confidence': 0.999997079372406, 'bounding_box': [[273.99999126791954, 427.9999852180481], [430.0000123679638, 427.9999852180481], [430.0000123679638, 486.99997812509537], [273.99999126791954, 486.99997812509537]], 'review_notes': '', 'review_confidence': 0.95, 'requires_human_review': False}}, 'created_at': '2025-05-24T21:11:14.862882+00:00', 'reviewed_at': '2025-05-24T21:21:21.683026+00:00', 'exported_at': None, 'event_id': '7818909d-a3ff-4211-bf6e-c9b65952f758', 'updated_at': '2025-05-24T21:21:21.794686+00:00', 'review_status': 'archived', 'school_id': 'b1a2c3d4-e5f6-7890-1234-56789abcdef0', 'user_id': 'f8714b88-f5c7-404c-b4fa-2304e014a44b', 'image_path': 'f8714b88-f5c7-404c-b4fa-2304e014a44b/2025-05-24/c0c67a74-b8c1-4630-b578-9e60d8f18415.png'}] count=None

[2025-05-24T21:21:21.926164+00:00] === ARCHIVE CARDS DB END ===

[2025-05-24T21:21:21.926429+00:00] Successfully archived 10 records

[2025-05-24T21:21:21.926532+00:00] === ARCHIVE CARDS SERVICE END ===

[2025-05-24T21:21:21.926687+00:00] Service layer result
{
  "message": "Successfully archived 10 records",
  "archived_count": 10
}

[2025-05-24T21:21:21.926821+00:00] === ARCHIVE CARDS CONTROLLER END ===
